<?xml version="1.0" encoding="UTF-8"?>
<!-- Generated by org.testng.reporters.JUnitReportReporter -->
<testsuite hostname="Anant-PC" failures="0" tests="1" name="newPrograms.AssertEqualsProgram" time="0.021" errors="0" timestamp="2022-05-19T13:42:52 IST" skipped="0">
  <testcase classname="newPrograms.AssertEqualsProgram" name="teardown" time="0.021"/>
  <system-out/>
</testsuite> <!-- newPrograms.AssertEqualsProgram -->
