<?xml version="1.0" encoding="UTF-8"?>
<!-- Generated by org.testng.reporters.JUnitReportReporter -->
<testsuite hostname="Anant-PC" failures="0" tests="2" name="newPrograms.dependsOn" time="0.037" errors="0" timestamp="2022-05-18T14:58:12 IST" skipped="0">
  <testcase classname="newPrograms.dependsOn" name="logout" time="0.011"/>
  <system-out/>
  <testcase classname="newPrograms.dependsOn" name="login" time="0.026"/>
  <system-out/>
</testsuite> <!-- newPrograms.dependsOn -->
