<?xml version="1.0" encoding="UTF-8"?>
<!-- Generated by org.testng.reporters.JUnitReportReporter -->
<testsuite hostname="Anant-PC" failures="0" tests="1" name="newPrograms.Assert1" time="0.031" errors="0" timestamp="2022-05-19T08:54:04 IST" skipped="0">
  <testcase classname="newPrograms.Assert1" name="teardown" time="0.031"/>
  <system-out/>
</testsuite> <!-- newPrograms.Assert1 -->
