<?xml version="1.0" encoding="UTF-8"?>
<!-- Generated by org.testng.reporters.JUnitReportReporter -->
<testsuite hostname="Anant-PC" failures="0" tests="3" name="newPrograms.GroupDependent" time="19.482" errors="0" timestamp="2022-05-20T09:07:26 IST" skipped="0">
  <testcase classname="newPrograms.GroupDependent" name="logout" time="0.954"/>
  <system-out/>
  <testcase classname="newPrograms.GroupDependent" name="login" time="3.141"/>
  <system-out/>
  <testcase classname="newPrograms.GroupDependent" name="starting_point" time="15.387"/>
  <system-out/>
</testsuite> <!-- newPrograms.GroupDependent -->
