<?xml version="1.0" encoding="UTF-8"?>
<!-- Generated by org.testng.reporters.JUnitReportReporter -->
<testsuite hostname="Anant-PC" failures="0" tests="1" name="newPrograms.SoftAssertProgram" time="24.532" errors="0" timestamp="2022-05-19T19:40:10 IST" skipped="0">
  <testcase classname="newPrograms.SoftAssertProgram" name="f" time="24.532"/>
  <system-out/>
</testsuite> <!-- newPrograms.SoftAssertProgram -->
