<?xml version="1.0" encoding="UTF-8"?>
<!-- Generated by org.testng.reporters.JUnitReportReporter -->
<testsuite hostname="Anant-PC" failures="0" tests="5" name="newPrograms.Group3" time="0.015" errors="0" timestamp="2022-05-20T08:02:25 IST" skipped="0">
  <testcase classname="newPrograms.Group3" name="Baleno" time="0.001"/>
  <system-out/>
  <testcase classname="newPrograms.Group3" name="Auto" time="0.011"/>
  <system-out/>
  <testcase classname="newPrograms.Group3" name="Herohonda" time="0.001"/>
  <system-out/>
  <testcase classname="newPrograms.Group3" name="Swift" time="0.001"/>
  <system-out/>
  <testcase classname="newPrograms.Group3" name="Tvs" time="0.001"/>
  <system-out/>
</testsuite> <!-- newPrograms.Group3 -->
