<?xml version="1.0" encoding="UTF-8"?>
<!-- Generated by org.testng.reporters.JUnitReportReporter -->
<testsuite hostname="Anant-PC" failures="0" tests="1" name="newPrograms.TestNGProgram" time="0.018" errors="0" timestamp="2022-05-18T13:03:12 IST" skipped="0">
  <testcase classname="newPrograms.TestNGProgram" name="first" time="0.018"/>
  <system-out/>
</testsuite> <!-- newPrograms.TestNGProgram -->
