<?xml version="1.0" encoding="UTF-8"?>
<!-- Generated by org.testng.reporters.JUnitReportReporter -->
<testsuite hostname="Anant-PC" failures="0" tests="3" name="newPrograms.PriorityProgram" time="0.034" errors="0" timestamp="2022-05-18T15:16:00 IST" skipped="0">
  <testcase classname="newPrograms.PriorityProgram" name="deleteStudent" time="0.014"/>
  <system-out/>
  <testcase classname="newPrograms.PriorityProgram" name="f" time="0.003"/>
  <system-out/>
  <testcase classname="newPrograms.PriorityProgram" name="addStudent" time="0.017"/>
  <system-out/>
</testsuite> <!-- newPrograms.PriorityProgram -->
