<?xml version="1.0" encoding="UTF-8"?>
<!-- Generated by org.testng.reporters.JUnitReportReporter -->
<testsuite hostname="Anant-PC" failures="0" tests="1" name="newPrograms.TestNGDemo" time="0.021" errors="0" timestamp="2022-05-16T12:42:45 IST" skipped="0">
  <testcase classname="newPrograms.TestNGDemo" name="f" time="0.021"/>
  <system-out/>
</testsuite> <!-- newPrograms.TestNGDemo -->
